<?xml version="1.0" encoding="UTF-8"?>
<!-- Generated by org.testng.reporters.JUnitReportReporter -->
<testsuite skipped="0" hostname="vichu" name="flip_kart_pro.flip_kart_pro.Flip_kart" tests="1" failures="0" timestamp="12 Mar 2021 14:55:22 GMT" time="29.518" errors="0">
  <testcase name="flip_kart" time="29.518" classname="flip_kart_pro.flip_kart_pro.Flip_kart"/>
</testsuite> <!-- flip_kart_pro.flip_kart_pro.Flip_kart -->
